<?xml version="1.0" encoding="UTF-8"?>
<testsuite name="ServiceTest" tests="1" skipped="0" failures="0" errors="0" timestamp="2023-03-23T19:52:30" hostname="EGR-G2364LCM0D" time="0.012">
  <properties/>
  <testcase name="testQuery()" classname="ServiceTest" time="0.012"/>
  <system-out><![CDATA[]]></system-out>
  <system-err><![CDATA[]]></system-err>
</testsuite>
