<?xml version="1.0" encoding="UTF-8"?>
<testsuite name="CalculatorTest" tests="3" skipped="0" failures="0" errors="0" timestamp="2024-01-18T20:48:41" hostname="EGR-G2364LCM0D" time="0.011">
  <properties/>
  <testcase name="testTruncate()" classname="CalculatorTest" time="0.008"/>
  <testcase name="testDivideByZero()" classname="CalculatorTest" time="0.001"/>
  <testcase name="testDivide()" classname="CalculatorTest" time="0.001"/>
  <system-out><![CDATA[]]></system-out>
  <system-err><![CDATA[]]></system-err>
</testsuite>
